mode: atomic
github.com/tbal999/pipelines/examples/cmd/main.go:13.13,15.12 2 0
github.com/tbal999/pipelines/examples/cmd/main.go:15.12,18.3 2 0
github.com/tbal999/pipelines/examples/cmd/main.go:30.2,36.42 1 0
github.com/tbal999/pipelines/examples/cmd/main.go:36.42,38.4 1 0
github.com/tbal999/pipelines/examples/cmd/main.go:40.2,40.16 1 0
github.com/tbal999/pipelines/examples/cmd/main.go:40.16,42.3 1 0
github.com/tbal999/pipelines/examples/cmd/main.go:44.2,50.42 1 0
github.com/tbal999/pipelines/examples/cmd/main.go:50.42,52.4 1 0
github.com/tbal999/pipelines/examples/cmd/main.go:54.2,54.16 1 0
github.com/tbal999/pipelines/examples/cmd/main.go:54.16,56.3 1 0
github.com/tbal999/pipelines/examples/cmd/main.go:58.2,69.37 3 0
github.com/tbal999/pipelines/examples/readers/eventsender.go:9.65,12.12 2 0
github.com/tbal999/pipelines/examples/readers/eventsender.go:12.12,15.32 2 0
github.com/tbal999/pipelines/examples/readers/eventsender.go:15.32,16.11 1 0
github.com/tbal999/pipelines/examples/readers/eventsender.go:17.22,18.11 1 0
github.com/tbal999/pipelines/examples/readers/eventsender.go:19.12,19.12 0 0
github.com/tbal999/pipelines/examples/readers/eventsender.go:23.4,23.54 1 0
github.com/tbal999/pipelines/examples/readers/eventsender.go:27.2,27.16 1 0
github.com/tbal999/pipelines/examples/readers/http.go:12.52,17.68 2 0
github.com/tbal999/pipelines/examples/readers/http.go:17.68,20.17 2 0
github.com/tbal999/pipelines/examples/readers/http.go:20.17,23.4 2 0
github.com/tbal999/pipelines/examples/readers/http.go:24.3,30.37 3 0
github.com/tbal999/pipelines/examples/readers/http.go:33.2,33.12 1 0
github.com/tbal999/pipelines/examples/readers/http.go:33.12,34.16 1 0
github.com/tbal999/pipelines/examples/readers/http.go:34.16,36.4 1 0
github.com/tbal999/pipelines/examples/readers/http.go:38.3,38.13 1 0
github.com/tbal999/pipelines/examples/readers/http.go:38.13,41.60 2 0
github.com/tbal999/pipelines/examples/readers/http.go:41.60,43.5 1 0
github.com/tbal999/pipelines/examples/readers/http.go:46.3,46.7 1 0
github.com/tbal999/pipelines/examples/readers/http.go:46.7,48.11 2 0
github.com/tbal999/pipelines/examples/readers/http.go:49.22,51.11 1 0
github.com/tbal999/pipelines/examples/readers/http.go:52.12,52.12 0 0
github.com/tbal999/pipelines/examples/readers/http.go:58.2,58.20 1 0
github.com/tbal999/pipelines/examples/workers/filewriter.go:16.46,20.2 2 0
github.com/tbal999/pipelines/examples/workers/filewriter.go:22.59,26.2 2 0
github.com/tbal999/pipelines/examples/workers/filewriter.go:28.36,31.2 2 0
github.com/tbal999/pipelines/examples/workers/filewriter.go:33.65,40.26 4 0
github.com/tbal999/pipelines/examples/workers/filewriter.go:40.26,42.3 1 0
github.com/tbal999/pipelines/examples/workers/filewriter.go:44.2,46.25 2 0
github.com/tbal999/pipelines/examples/workers/filewriter.go:49.39,51.24 2 0
github.com/tbal999/pipelines/examples/workers/filewriter.go:51.24,53.3 1 0
github.com/tbal999/pipelines/examples/workers/filewriter.go:54.2,54.13 1 0
github.com/tbal999/pipelines/examples/workers/logger.go:14.42,18.2 2 0
github.com/tbal999/pipelines/examples/workers/logger.go:20.55,24.2 2 0
github.com/tbal999/pipelines/examples/workers/logger.go:26.32,29.2 2 0
github.com/tbal999/pipelines/examples/workers/logger.go:31.61,35.11 2 0
github.com/tbal999/pipelines/examples/workers/logger.go:35.11,37.3 1 0
github.com/tbal999/pipelines/examples/workers/logger.go:39.2,39.25 1 0
github.com/tbal999/pipelines/pkg/pipeline.go:14.43,15.35 1 0
github.com/tbal999/pipelines/pkg/pipeline.go:15.35,17.3 1 0
github.com/tbal999/pipelines/pkg/pipeline.go:19.2,26.49 5 0
github.com/tbal999/pipelines/pkg/pipeline.go:26.49,27.47 1 0
github.com/tbal999/pipelines/pkg/pipeline.go:27.47,29.4 1 0
github.com/tbal999/pipelines/pkg/pipeline.go:29.9,31.4 1 0
github.com/tbal999/pipelines/pkg/pipeline.go:34.2,34.43 1 0
github.com/tbal999/pipelines/pkg/pipeline.go:34.43,36.3 1 0
github.com/tbal999/pipelines/pkg/pipeline.go:39.61,44.35 3 0
github.com/tbal999/pipelines/pkg/pipeline.go:44.35,47.13 2 0
github.com/tbal999/pipelines/pkg/pipeline.go:47.13,50.4 2 0
github.com/tbal999/pipelines/pkg/pipeline.go:52.3,52.44 1 0
github.com/tbal999/pipelines/pkg/pipeline.go:52.44,55.19 2 0
github.com/tbal999/pipelines/pkg/pipeline.go:55.19,58.5 2 0
github.com/tbal999/pipelines/pkg/pipeline.go:61.3,61.12 1 0
github.com/tbal999/pipelines/pkg/workerpool.go:23.50,28.2 3 0
github.com/tbal999/pipelines/pkg/workerpool.go:51.35,52.42 1 0
github.com/tbal999/pipelines/pkg/workerpool.go:52.42,53.36 1 0
github.com/tbal999/pipelines/pkg/workerpool.go:53.36,55.4 1 0
github.com/tbal999/pipelines/pkg/workerpool.go:57.3,58.13 2 0
github.com/tbal999/pipelines/pkg/workerpool.go:63.42,64.42 1 0
github.com/tbal999/pipelines/pkg/workerpool.go:64.42,67.3 2 0
github.com/tbal999/pipelines/pkg/workerpool.go:71.40,72.42 1 0
github.com/tbal999/pipelines/pkg/workerpool.go:72.42,75.3 2 0
github.com/tbal999/pipelines/pkg/workerpool.go:80.25,81.42 1 0
github.com/tbal999/pipelines/pkg/workerpool.go:81.42,84.3 2 0
github.com/tbal999/pipelines/pkg/workerpool.go:88.56,89.42 1 0
github.com/tbal999/pipelines/pkg/workerpool.go:89.42,92.3 2 0
github.com/tbal999/pipelines/pkg/workerpool.go:96.43,97.42 1 0
github.com/tbal999/pipelines/pkg/workerpool.go:97.42,98.20 1 0
github.com/tbal999/pipelines/pkg/workerpool.go:98.20,100.4 1 0
github.com/tbal999/pipelines/pkg/workerpool.go:102.3,104.13 2 0
github.com/tbal999/pipelines/pkg/workerpool.go:109.60,110.42 1 0
github.com/tbal999/pipelines/pkg/workerpool.go:110.42,111.26 1 0
github.com/tbal999/pipelines/pkg/workerpool.go:111.26,113.4 1 0
github.com/tbal999/pipelines/pkg/workerpool.go:115.3,117.13 2 0
github.com/tbal999/pipelines/pkg/workerpool.go:121.70,134.27 9 0
github.com/tbal999/pipelines/pkg/workerpool.go:134.27,136.17 2 0
github.com/tbal999/pipelines/pkg/workerpool.go:136.17,138.4 1 0
github.com/tbal999/pipelines/pkg/workerpool.go:141.2,141.16 1 0
github.com/tbal999/pipelines/pkg/workerpool.go:144.38,147.2 2 0
github.com/tbal999/pipelines/pkg/workerpool.go:149.35,152.2 2 0
github.com/tbal999/pipelines/pkg/workerpool.go:154.31,157.2 2 0
github.com/tbal999/pipelines/pkg/workerpool.go:159.30,161.2 1 0
github.com/tbal999/pipelines/pkg/workerpool.go:163.33,165.2 1 0
github.com/tbal999/pipelines/pkg/workerpool.go:167.23,169.2 1 0
github.com/tbal999/pipelines/pkg/workerpool.go:171.25,173.2 1 0
github.com/tbal999/pipelines/pkg/workerpool.go:175.47,181.41 4 0
github.com/tbal999/pipelines/pkg/workerpool.go:181.41,184.13 2 0
github.com/tbal999/pipelines/pkg/workerpool.go:184.13,187.4 2 0
github.com/tbal999/pipelines/pkg/workerpool.go:190.2,192.32 2 0
github.com/tbal999/pipelines/pkg/workerpool.go:192.32,194.3 1 0
github.com/tbal999/pipelines/pkg/workerpool.go:197.53,201.16 3 0
github.com/tbal999/pipelines/pkg/workerpool.go:201.16,204.3 2 0
github.com/tbal999/pipelines/pkg/workerpool.go:206.2,206.15 1 0
github.com/tbal999/pipelines/pkg/workerpool.go:206.15,208.17 2 0
github.com/tbal999/pipelines/pkg/workerpool.go:208.17,210.4 1 0
github.com/tbal999/pipelines/pkg/workerpool.go:213.2,213.27 1 0
github.com/tbal999/pipelines/pkg/workerpool.go:213.27,214.10 1 0
github.com/tbal999/pipelines/pkg/workerpool.go:215.23,216.24 1 0
github.com/tbal999/pipelines/pkg/workerpool.go:216.25,218.5 0 0
github.com/tbal999/pipelines/pkg/workerpool.go:220.4,220.10 1 0
github.com/tbal999/pipelines/pkg/workerpool.go:221.11,221.11 0 0
github.com/tbal999/pipelines/pkg/workerpool.go:225.3,226.17 2 0
github.com/tbal999/pipelines/pkg/workerpool.go:226.17,230.4 2 0
github.com/tbal999/pipelines/pkg/workerpool.go:230.9,231.30 1 0
github.com/tbal999/pipelines/pkg/workerpool.go:231.30,232.35 1 0
github.com/tbal999/pipelines/pkg/workerpool.go:232.35,234.6 1 0
github.com/tbal999/pipelines/pkg/workerpool.go:237.4,237.34 1 0
github.com/tbal999/pipelines/pkg/workerpool.go:240.3,240.31 1 0
github.com/tbal999/pipelines/examples/readers/eventsender.go:9.65,12.12 2 2
github.com/tbal999/pipelines/examples/readers/eventsender.go:12.12,15.32 2 2
github.com/tbal999/pipelines/examples/readers/eventsender.go:15.32,16.11 1 40
github.com/tbal999/pipelines/examples/readers/eventsender.go:17.22,18.11 1 0
github.com/tbal999/pipelines/examples/readers/eventsender.go:19.12,19.12 0 40
github.com/tbal999/pipelines/examples/readers/eventsender.go:23.4,23.54 1 40
github.com/tbal999/pipelines/examples/readers/eventsender.go:27.2,27.16 1 2
github.com/tbal999/pipelines/examples/readers/http.go:12.52,17.68 2 0
github.com/tbal999/pipelines/examples/readers/http.go:17.68,20.17 2 0
github.com/tbal999/pipelines/examples/readers/http.go:20.17,23.4 2 0
github.com/tbal999/pipelines/examples/readers/http.go:24.3,30.37 3 0
github.com/tbal999/pipelines/examples/readers/http.go:33.2,33.12 1 0
github.com/tbal999/pipelines/examples/readers/http.go:33.12,34.16 1 0
github.com/tbal999/pipelines/examples/readers/http.go:34.16,36.4 1 0
github.com/tbal999/pipelines/examples/readers/http.go:38.3,38.13 1 0
github.com/tbal999/pipelines/examples/readers/http.go:38.13,41.60 2 0
github.com/tbal999/pipelines/examples/readers/http.go:41.60,43.5 1 0
github.com/tbal999/pipelines/examples/readers/http.go:46.3,46.7 1 0
github.com/tbal999/pipelines/examples/readers/http.go:46.7,48.11 2 0
github.com/tbal999/pipelines/examples/readers/http.go:49.22,51.11 1 0
github.com/tbal999/pipelines/examples/readers/http.go:52.12,52.12 0 0
github.com/tbal999/pipelines/examples/readers/http.go:58.2,58.20 1 0
github.com/tbal999/pipelines/examples/workers/filewriter.go:16.46,20.2 2 0
github.com/tbal999/pipelines/examples/workers/filewriter.go:22.59,26.2 2 0
github.com/tbal999/pipelines/examples/workers/filewriter.go:28.36,31.2 2 0
github.com/tbal999/pipelines/examples/workers/filewriter.go:33.65,40.26 4 0
github.com/tbal999/pipelines/examples/workers/filewriter.go:40.26,42.3 1 0
github.com/tbal999/pipelines/examples/workers/filewriter.go:44.2,46.25 2 0
github.com/tbal999/pipelines/examples/workers/filewriter.go:49.39,51.24 2 0
github.com/tbal999/pipelines/examples/workers/filewriter.go:51.24,53.3 1 0
github.com/tbal999/pipelines/examples/workers/filewriter.go:54.2,54.13 1 0
github.com/tbal999/pipelines/examples/workers/logger.go:14.42,18.2 2 6
github.com/tbal999/pipelines/examples/workers/logger.go:20.55,24.2 2 6
github.com/tbal999/pipelines/examples/workers/logger.go:26.32,29.2 2 6
github.com/tbal999/pipelines/examples/workers/logger.go:31.61,35.11 2 60
github.com/tbal999/pipelines/examples/workers/logger.go:35.11,37.3 1 60
github.com/tbal999/pipelines/examples/workers/logger.go:39.2,39.25 1 60
github.com/tbal999/pipelines/pkg/pipeline.go:14.43,15.35 1 7
github.com/tbal999/pipelines/pkg/pipeline.go:15.35,17.3 1 0
github.com/tbal999/pipelines/pkg/pipeline.go:19.2,26.49 5 7
github.com/tbal999/pipelines/pkg/pipeline.go:26.49,27.47 1 3
github.com/tbal999/pipelines/pkg/pipeline.go:27.47,29.4 1 0
github.com/tbal999/pipelines/pkg/pipeline.go:29.9,31.4 1 3
github.com/tbal999/pipelines/pkg/pipeline.go:34.2,34.43 1 7
github.com/tbal999/pipelines/pkg/pipeline.go:34.43,36.3 1 3
github.com/tbal999/pipelines/pkg/pipeline.go:39.61,44.35 3 4
github.com/tbal999/pipelines/pkg/pipeline.go:44.35,47.13 2 4
github.com/tbal999/pipelines/pkg/pipeline.go:47.13,50.4 2 4
github.com/tbal999/pipelines/pkg/pipeline.go:52.3,52.44 1 4
github.com/tbal999/pipelines/pkg/pipeline.go:52.44,55.19 2 2
github.com/tbal999/pipelines/pkg/pipeline.go:55.19,58.5 2 2
github.com/tbal999/pipelines/pkg/pipeline.go:61.3,61.12 1 4
github.com/tbal999/pipelines/pkg/workerpool.go:23.50,28.2 3 0
github.com/tbal999/pipelines/pkg/workerpool.go:51.35,52.42 1 4
github.com/tbal999/pipelines/pkg/workerpool.go:52.42,53.36 1 4
github.com/tbal999/pipelines/pkg/workerpool.go:53.36,55.4 1 0
github.com/tbal999/pipelines/pkg/workerpool.go:57.3,58.13 2 4
github.com/tbal999/pipelines/pkg/workerpool.go:63.42,64.42 1 4
github.com/tbal999/pipelines/pkg/workerpool.go:64.42,67.3 2 4
github.com/tbal999/pipelines/pkg/workerpool.go:71.40,72.42 1 4
github.com/tbal999/pipelines/pkg/workerpool.go:72.42,75.3 2 4
github.com/tbal999/pipelines/pkg/workerpool.go:80.25,81.42 1 2
github.com/tbal999/pipelines/pkg/workerpool.go:81.42,84.3 2 2
github.com/tbal999/pipelines/pkg/workerpool.go:88.56,89.42 1 4
github.com/tbal999/pipelines/pkg/workerpool.go:89.42,92.3 2 4
github.com/tbal999/pipelines/pkg/workerpool.go:96.43,97.42 1 4
github.com/tbal999/pipelines/pkg/workerpool.go:97.42,98.20 1 4
github.com/tbal999/pipelines/pkg/workerpool.go:98.20,100.4 1 0
github.com/tbal999/pipelines/pkg/workerpool.go:102.3,104.13 2 4
github.com/tbal999/pipelines/pkg/workerpool.go:109.60,110.42 1 4
github.com/tbal999/pipelines/pkg/workerpool.go:110.42,111.26 1 4
github.com/tbal999/pipelines/pkg/workerpool.go:111.26,113.4 1 0
github.com/tbal999/pipelines/pkg/workerpool.go:115.3,117.13 2 4
github.com/tbal999/pipelines/pkg/workerpool.go:121.70,134.27 9 4
github.com/tbal999/pipelines/pkg/workerpool.go:134.27,136.17 2 26
github.com/tbal999/pipelines/pkg/workerpool.go:136.17,138.4 1 0
github.com/tbal999/pipelines/pkg/workerpool.go:141.2,141.16 1 4
github.com/tbal999/pipelines/pkg/workerpool.go:144.38,147.2 2 0
github.com/tbal999/pipelines/pkg/workerpool.go:149.35,152.2 2 0
github.com/tbal999/pipelines/pkg/workerpool.go:154.31,157.2 2 0
github.com/tbal999/pipelines/pkg/workerpool.go:159.30,161.2 1 0
github.com/tbal999/pipelines/pkg/workerpool.go:163.33,165.2 1 6
github.com/tbal999/pipelines/pkg/workerpool.go:167.23,169.2 1 11
github.com/tbal999/pipelines/pkg/workerpool.go:171.25,173.2 1 11
github.com/tbal999/pipelines/pkg/workerpool.go:175.47,181.41 4 4
github.com/tbal999/pipelines/pkg/workerpool.go:181.41,184.13 2 8
github.com/tbal999/pipelines/pkg/workerpool.go:184.13,187.4 2 8
github.com/tbal999/pipelines/pkg/workerpool.go:190.2,192.32 2 4
github.com/tbal999/pipelines/pkg/workerpool.go:192.32,194.3 1 2
github.com/tbal999/pipelines/pkg/workerpool.go:197.53,201.16 3 8
github.com/tbal999/pipelines/pkg/workerpool.go:201.16,204.3 2 0
github.com/tbal999/pipelines/pkg/workerpool.go:206.2,206.15 1 8
github.com/tbal999/pipelines/pkg/workerpool.go:206.15,208.17 2 8
github.com/tbal999/pipelines/pkg/workerpool.go:208.17,210.4 1 0
github.com/tbal999/pipelines/pkg/workerpool.go:213.2,213.27 1 8
github.com/tbal999/pipelines/pkg/workerpool.go:213.27,214.10 1 80
github.com/tbal999/pipelines/pkg/workerpool.go:215.23,216.24 1 0
github.com/tbal999/pipelines/pkg/workerpool.go:216.25,218.5 0 0
github.com/tbal999/pipelines/pkg/workerpool.go:220.4,220.10 1 0
github.com/tbal999/pipelines/pkg/workerpool.go:221.11,221.11 0 80
github.com/tbal999/pipelines/pkg/workerpool.go:225.3,226.17 2 80
github.com/tbal999/pipelines/pkg/workerpool.go:226.17,230.4 2 0
github.com/tbal999/pipelines/pkg/workerpool.go:230.9,231.30 1 80
github.com/tbal999/pipelines/pkg/workerpool.go:231.30,232.35 1 40
github.com/tbal999/pipelines/pkg/workerpool.go:232.35,234.6 1 40
github.com/tbal999/pipelines/pkg/workerpool.go:237.4,237.34 1 80
github.com/tbal999/pipelines/pkg/workerpool.go:240.3,240.31 1 80
