mode: atomic
github.com/tbal999/pipelines/pattern/pipeline.go:14.43,15.35 1 0
github.com/tbal999/pipelines/pattern/pipeline.go:15.35,17.3 1 0
github.com/tbal999/pipelines/pattern/pipeline.go:19.2,26.49 5 0
github.com/tbal999/pipelines/pattern/pipeline.go:26.49,27.47 1 0
github.com/tbal999/pipelines/pattern/pipeline.go:27.47,29.4 1 0
github.com/tbal999/pipelines/pattern/pipeline.go:29.9,31.4 1 0
github.com/tbal999/pipelines/pattern/pipeline.go:34.2,34.43 1 0
github.com/tbal999/pipelines/pattern/pipeline.go:34.43,36.3 1 0
github.com/tbal999/pipelines/pattern/pipeline.go:39.67,44.35 3 0
github.com/tbal999/pipelines/pattern/pipeline.go:44.35,47.13 2 0
github.com/tbal999/pipelines/pattern/pipeline.go:47.13,50.4 2 0
github.com/tbal999/pipelines/pattern/pipeline.go:52.3,52.44 1 0
github.com/tbal999/pipelines/pattern/pipeline.go:52.44,55.14 2 0
github.com/tbal999/pipelines/pattern/pipeline.go:55.14,58.5 2 0
github.com/tbal999/pipelines/pattern/pipeline.go:61.3,61.12 1 0
github.com/tbal999/pipelines/pattern/pipeline.go:64.2,64.12 1 0
github.com/tbal999/pipelines/pattern/workerpool.go:23.50,28.2 3 0
github.com/tbal999/pipelines/pattern/workerpool.go:53.35,54.42 1 0
github.com/tbal999/pipelines/pattern/workerpool.go:54.42,55.36 1 0
github.com/tbal999/pipelines/pattern/workerpool.go:55.36,57.4 1 0
github.com/tbal999/pipelines/pattern/workerpool.go:59.3,60.13 2 0
github.com/tbal999/pipelines/pattern/workerpool.go:65.42,66.42 1 0
github.com/tbal999/pipelines/pattern/workerpool.go:66.42,69.3 2 0
github.com/tbal999/pipelines/pattern/workerpool.go:73.40,74.42 1 0
github.com/tbal999/pipelines/pattern/workerpool.go:74.42,77.3 2 0
github.com/tbal999/pipelines/pattern/workerpool.go:82.25,83.42 1 0
github.com/tbal999/pipelines/pattern/workerpool.go:83.42,86.3 2 0
github.com/tbal999/pipelines/pattern/workerpool.go:90.56,91.42 1 0
github.com/tbal999/pipelines/pattern/workerpool.go:91.42,94.3 2 0
github.com/tbal999/pipelines/pattern/workerpool.go:98.43,99.42 1 0
github.com/tbal999/pipelines/pattern/workerpool.go:99.42,100.20 1 0
github.com/tbal999/pipelines/pattern/workerpool.go:100.20,102.4 1 0
github.com/tbal999/pipelines/pattern/workerpool.go:104.3,106.13 2 0
github.com/tbal999/pipelines/pattern/workerpool.go:111.60,112.42 1 0
github.com/tbal999/pipelines/pattern/workerpool.go:112.42,113.26 1 0
github.com/tbal999/pipelines/pattern/workerpool.go:113.26,115.4 1 0
github.com/tbal999/pipelines/pattern/workerpool.go:117.3,119.13 2 0
github.com/tbal999/pipelines/pattern/workerpool.go:123.70,136.27 9 0
github.com/tbal999/pipelines/pattern/workerpool.go:136.27,138.17 2 0
github.com/tbal999/pipelines/pattern/workerpool.go:138.17,140.4 1 0
github.com/tbal999/pipelines/pattern/workerpool.go:143.2,143.16 1 0
github.com/tbal999/pipelines/pattern/workerpool.go:146.38,149.2 2 0
github.com/tbal999/pipelines/pattern/workerpool.go:151.35,154.2 2 0
github.com/tbal999/pipelines/pattern/workerpool.go:156.31,159.2 2 0
github.com/tbal999/pipelines/pattern/workerpool.go:161.30,163.2 1 0
github.com/tbal999/pipelines/pattern/workerpool.go:165.33,167.2 1 0
github.com/tbal999/pipelines/pattern/workerpool.go:169.23,171.2 1 0
github.com/tbal999/pipelines/pattern/workerpool.go:173.25,175.2 1 0
github.com/tbal999/pipelines/pattern/workerpool.go:177.47,183.42 4 0
github.com/tbal999/pipelines/pattern/workerpool.go:183.42,186.13 2 0
github.com/tbal999/pipelines/pattern/workerpool.go:186.13,189.4 2 0
github.com/tbal999/pipelines/pattern/workerpool.go:192.2,194.32 2 0
github.com/tbal999/pipelines/pattern/workerpool.go:194.32,196.3 1 0
github.com/tbal999/pipelines/pattern/workerpool.go:199.53,203.16 3 0
github.com/tbal999/pipelines/pattern/workerpool.go:203.16,206.3 2 0
github.com/tbal999/pipelines/pattern/workerpool.go:208.2,208.15 1 0
github.com/tbal999/pipelines/pattern/workerpool.go:208.15,210.17 2 0
github.com/tbal999/pipelines/pattern/workerpool.go:210.17,212.4 1 0
github.com/tbal999/pipelines/pattern/workerpool.go:215.2,215.27 1 0
github.com/tbal999/pipelines/pattern/workerpool.go:215.27,216.10 1 0
github.com/tbal999/pipelines/pattern/workerpool.go:217.23,218.24 1 0
github.com/tbal999/pipelines/pattern/workerpool.go:218.25,220.5 0 0
github.com/tbal999/pipelines/pattern/workerpool.go:222.4,222.10 1 0
github.com/tbal999/pipelines/pattern/workerpool.go:223.11,223.11 0 0
github.com/tbal999/pipelines/pattern/workerpool.go:227.3,228.17 2 0
github.com/tbal999/pipelines/pattern/workerpool.go:228.17,232.4 2 0
github.com/tbal999/pipelines/pattern/workerpool.go:232.9,233.22 1 0
github.com/tbal999/pipelines/pattern/workerpool.go:233.22,234.35 1 0
github.com/tbal999/pipelines/pattern/workerpool.go:234.35,236.6 1 0
github.com/tbal999/pipelines/pattern/workerpool.go:239.4,239.34 1 0
github.com/tbal999/pipelines/pattern/workerpool.go:242.3,242.31 1 0
github.com/tbal999/pipelines/readers/eventsender.go:9.65,12.12 2 0
github.com/tbal999/pipelines/readers/eventsender.go:12.12,15.33 2 0
github.com/tbal999/pipelines/readers/eventsender.go:15.33,16.11 1 0
github.com/tbal999/pipelines/readers/eventsender.go:17.22,18.11 1 0
github.com/tbal999/pipelines/readers/eventsender.go:19.12,19.12 0 0
github.com/tbal999/pipelines/readers/eventsender.go:23.4,23.54 1 0
github.com/tbal999/pipelines/readers/eventsender.go:27.2,27.16 1 0
github.com/tbal999/pipelines/workers/jsonata.go:23.42,27.2 2 0
github.com/tbal999/pipelines/workers/jsonata.go:29.55,30.61 1 0
github.com/tbal999/pipelines/workers/jsonata.go:30.61,32.10 2 0
github.com/tbal999/pipelines/workers/jsonata.go:32.10,34.4 1 0
github.com/tbal999/pipelines/workers/jsonata.go:36.3,36.13 1 0
github.com/tbal999/pipelines/workers/jsonata.go:39.2,40.16 2 0
github.com/tbal999/pipelines/workers/jsonata.go:40.16,42.3 1 0
github.com/tbal999/pipelines/workers/jsonata.go:44.2,50.12 4 0
github.com/tbal999/pipelines/workers/jsonata.go:53.32,56.2 2 0
github.com/tbal999/pipelines/workers/jsonata.go:58.55,60.16 2 0
github.com/tbal999/pipelines/workers/jsonata.go:60.16,62.3 1 0
github.com/tbal999/pipelines/workers/jsonata.go:64.2,64.11 1 0
github.com/tbal999/pipelines/workers/jsonata.go:64.11,66.3 1 0
github.com/tbal999/pipelines/workers/jsonata.go:68.2,68.20 1 0
github.com/tbal999/pipelines/main.go:13.13,15.12 2 1
github.com/tbal999/pipelines/main.go:15.12,18.3 2 1
github.com/tbal999/pipelines/main.go:20.2,26.40 1 1
github.com/tbal999/pipelines/main.go:26.40,28.4 1 0
github.com/tbal999/pipelines/main.go:30.2,30.16 1 1
github.com/tbal999/pipelines/main.go:30.16,32.3 1 0
github.com/tbal999/pipelines/main.go:34.2,40.40 1 1
github.com/tbal999/pipelines/main.go:40.40,42.4 1 0
github.com/tbal999/pipelines/main.go:44.2,44.16 1 1
github.com/tbal999/pipelines/main.go:44.16,46.3 1 0
github.com/tbal999/pipelines/main.go:48.2,55.40 1 1
github.com/tbal999/pipelines/main.go:55.40,57.4 1 0
github.com/tbal999/pipelines/main.go:59.2,59.16 1 1
github.com/tbal999/pipelines/main.go:59.16,61.3 1 0
github.com/tbal999/pipelines/main.go:66.2,88.34 3 1
github.com/tbal999/pipelines/pattern/pipeline.go:14.43,15.35 1 6
github.com/tbal999/pipelines/pattern/pipeline.go:15.35,17.3 1 0
github.com/tbal999/pipelines/pattern/pipeline.go:19.2,26.49 5 6
github.com/tbal999/pipelines/pattern/pipeline.go:26.49,27.47 1 3
github.com/tbal999/pipelines/pattern/pipeline.go:27.47,29.4 1 0
github.com/tbal999/pipelines/pattern/pipeline.go:29.9,31.4 1 3
github.com/tbal999/pipelines/pattern/pipeline.go:34.2,34.43 1 6
github.com/tbal999/pipelines/pattern/pipeline.go:34.43,36.3 1 3
github.com/tbal999/pipelines/pattern/pipeline.go:39.67,44.35 3 3
github.com/tbal999/pipelines/pattern/pipeline.go:44.35,47.13 2 3
github.com/tbal999/pipelines/pattern/pipeline.go:47.13,50.4 2 3
github.com/tbal999/pipelines/pattern/pipeline.go:52.3,52.44 1 3
github.com/tbal999/pipelines/pattern/pipeline.go:52.44,55.14 2 2
github.com/tbal999/pipelines/pattern/pipeline.go:55.14,58.5 2 2
github.com/tbal999/pipelines/pattern/pipeline.go:61.3,61.12 1 3
github.com/tbal999/pipelines/pattern/pipeline.go:64.2,64.12 1 3
github.com/tbal999/pipelines/pattern/workerpool.go:23.50,28.2 3 0
github.com/tbal999/pipelines/pattern/workerpool.go:53.35,54.42 1 3
github.com/tbal999/pipelines/pattern/workerpool.go:54.42,55.36 1 3
github.com/tbal999/pipelines/pattern/workerpool.go:55.36,57.4 1 0
github.com/tbal999/pipelines/pattern/workerpool.go:59.3,60.13 2 3
github.com/tbal999/pipelines/pattern/workerpool.go:65.42,66.42 1 3
github.com/tbal999/pipelines/pattern/workerpool.go:66.42,69.3 2 3
github.com/tbal999/pipelines/pattern/workerpool.go:73.40,74.42 1 3
github.com/tbal999/pipelines/pattern/workerpool.go:74.42,77.3 2 3
github.com/tbal999/pipelines/pattern/workerpool.go:82.25,83.42 1 1
github.com/tbal999/pipelines/pattern/workerpool.go:83.42,86.3 2 1
github.com/tbal999/pipelines/pattern/workerpool.go:90.56,91.42 1 3
github.com/tbal999/pipelines/pattern/workerpool.go:91.42,94.3 2 3
github.com/tbal999/pipelines/pattern/workerpool.go:98.43,99.42 1 3
github.com/tbal999/pipelines/pattern/workerpool.go:99.42,100.20 1 3
github.com/tbal999/pipelines/pattern/workerpool.go:100.20,102.4 1 0
github.com/tbal999/pipelines/pattern/workerpool.go:104.3,106.13 2 3
github.com/tbal999/pipelines/pattern/workerpool.go:111.60,112.42 1 3
github.com/tbal999/pipelines/pattern/workerpool.go:112.42,113.26 1 3
github.com/tbal999/pipelines/pattern/workerpool.go:113.26,115.4 1 0
github.com/tbal999/pipelines/pattern/workerpool.go:117.3,119.13 2 3
github.com/tbal999/pipelines/pattern/workerpool.go:123.70,136.27 9 3
github.com/tbal999/pipelines/pattern/workerpool.go:136.27,138.17 2 19
github.com/tbal999/pipelines/pattern/workerpool.go:138.17,140.4 1 0
github.com/tbal999/pipelines/pattern/workerpool.go:143.2,143.16 1 3
github.com/tbal999/pipelines/pattern/workerpool.go:146.38,149.2 2 0
github.com/tbal999/pipelines/pattern/workerpool.go:151.35,154.2 2 0
github.com/tbal999/pipelines/pattern/workerpool.go:156.31,159.2 2 0
github.com/tbal999/pipelines/pattern/workerpool.go:161.30,163.2 1 0
github.com/tbal999/pipelines/pattern/workerpool.go:165.33,167.2 1 6
github.com/tbal999/pipelines/pattern/workerpool.go:169.23,171.2 1 9
github.com/tbal999/pipelines/pattern/workerpool.go:173.25,175.2 1 9
github.com/tbal999/pipelines/pattern/workerpool.go:177.47,183.42 4 3
github.com/tbal999/pipelines/pattern/workerpool.go:183.42,186.13 2 9
github.com/tbal999/pipelines/pattern/workerpool.go:186.13,189.4 2 9
github.com/tbal999/pipelines/pattern/workerpool.go:192.2,194.32 2 3
github.com/tbal999/pipelines/pattern/workerpool.go:194.32,196.3 1 2
github.com/tbal999/pipelines/pattern/workerpool.go:199.53,203.16 3 9
github.com/tbal999/pipelines/pattern/workerpool.go:203.16,206.3 2 0
github.com/tbal999/pipelines/pattern/workerpool.go:208.2,208.15 1 9
github.com/tbal999/pipelines/pattern/workerpool.go:208.15,210.17 2 9
github.com/tbal999/pipelines/pattern/workerpool.go:210.17,212.4 1 0
github.com/tbal999/pipelines/pattern/workerpool.go:215.2,215.27 1 9
github.com/tbal999/pipelines/pattern/workerpool.go:215.27,216.10 1 189966
github.com/tbal999/pipelines/pattern/workerpool.go:217.23,218.24 1 6
github.com/tbal999/pipelines/pattern/workerpool.go:218.25,220.5 0 2
github.com/tbal999/pipelines/pattern/workerpool.go:222.4,222.10 1 6
github.com/tbal999/pipelines/pattern/workerpool.go:223.11,223.11 0 189960
github.com/tbal999/pipelines/pattern/workerpool.go:227.3,228.17 2 189960
github.com/tbal999/pipelines/pattern/workerpool.go:228.17,232.4 2 0
github.com/tbal999/pipelines/pattern/workerpool.go:232.9,233.22 1 189960
github.com/tbal999/pipelines/pattern/workerpool.go:233.22,234.35 1 126644
github.com/tbal999/pipelines/pattern/workerpool.go:234.35,236.6 1 126644
github.com/tbal999/pipelines/pattern/workerpool.go:239.4,239.34 1 189960
github.com/tbal999/pipelines/pattern/workerpool.go:242.3,242.31 1 189960
github.com/tbal999/pipelines/readers/eventsender.go:9.65,12.12 2 1
github.com/tbal999/pipelines/readers/eventsender.go:12.12,15.33 2 1
github.com/tbal999/pipelines/readers/eventsender.go:15.33,16.11 1 63325
github.com/tbal999/pipelines/readers/eventsender.go:17.22,18.11 1 1
github.com/tbal999/pipelines/readers/eventsender.go:19.12,19.12 0 63324
github.com/tbal999/pipelines/readers/eventsender.go:23.4,23.54 1 63324
github.com/tbal999/pipelines/readers/eventsender.go:27.2,27.16 1 1
github.com/tbal999/pipelines/workers/jsonata.go:23.42,27.2 2 9
github.com/tbal999/pipelines/workers/jsonata.go:29.55,30.61 1 9
github.com/tbal999/pipelines/workers/jsonata.go:30.61,32.10 2 5
github.com/tbal999/pipelines/workers/jsonata.go:32.10,34.4 1 0
github.com/tbal999/pipelines/workers/jsonata.go:36.3,36.13 1 5
github.com/tbal999/pipelines/workers/jsonata.go:39.2,40.16 2 4
github.com/tbal999/pipelines/workers/jsonata.go:40.16,42.3 1 0
github.com/tbal999/pipelines/workers/jsonata.go:44.2,50.12 4 4
github.com/tbal999/pipelines/workers/jsonata.go:53.32,56.2 2 9
github.com/tbal999/pipelines/workers/jsonata.go:58.55,60.16 2 189960
github.com/tbal999/pipelines/workers/jsonata.go:60.16,62.3 1 0
github.com/tbal999/pipelines/workers/jsonata.go:64.2,64.11 1 189960
github.com/tbal999/pipelines/workers/jsonata.go:64.11,66.3 1 189960
github.com/tbal999/pipelines/workers/jsonata.go:68.2,68.20 1 189960
